<?xml version="1.0" encoding="UTF-8"?>
<testsuite xmlns:xsi="http://www.w3.org/2001/XMLSchema-instance" xsi:noNamespaceSchemaLocation="https://maven.apache.org/surefire/maven-surefire-plugin/xsd/surefire-test-report.xsd" name="com.lzhpo.lzhposhiro.LzhpoShiroApplicationTests" time="9.426" tests="1" errors="0" skipped="0" failures="0">
  <properties>
    <property name="sun.desktop" value="windows"/>
    <property name="awt.toolkit" value="sun.awt.windows.WToolkit"/>
    <property name="file.encoding.pkg" value="sun.io"/>
    <property name="java.specification.version" value="1.8"/>
    <property name="sun.cpu.isalist" value="amd64"/>
    <property name="sun.jnu.encoding" value="GBK"/>
    <property name="java.class.path" value="D:\gitCode\back-end\springboot\day1218\lzhpo-shiro\target\test-classes;D:\gitCode\back-end\springboot\day1218\lzhpo-shiro\target\classes;D:\devTool\mvnRepository\org\springframework\boot\spring-boot-starter-thymeleaf\2.0.3.RELEASE\spring-boot-starter-thymeleaf-2.0.3.RELEASE.jar;D:\devTool\mvnRepository\org\springframework\boot\spring-boot-starter\2.0.3.RELEASE\spring-boot-starter-2.0.3.RELEASE.jar;D:\devTool\mvnRepository\org\springframework\boot\spring-boot-starter-logging\2.0.3.RELEASE\spring-boot-starter-logging-2.0.3.RELEASE.jar;D:\devTool\mvnRepository\ch\qos\logback\logback-classic\1.2.3\logback-classic-1.2.3.jar;D:\devTool\mvnRepository\ch\qos\logback\logback-core\1.2.3\logback-core-1.2.3.jar;D:\devTool\mvnRepository\org\apache\logging\log4j\log4j-to-slf4j\2.10.0\log4j-to-slf4j-2.10.0.jar;D:\devTool\mvnRepository\org\apache\logging\log4j\log4j-api\2.10.0\log4j-api-2.10.0.jar;D:\devTool\mvnRepository\org\slf4j\jul-to-slf4j\1.7.25\jul-to-slf4j-1.7.25.jar;D:\devTool\mvnRepository\javax\annotation\javax.annotation-api\1.3.2\javax.annotation-api-1.3.2.jar;D:\devTool\mvnRepository\org\yaml\snakeyaml\1.19\snakeyaml-1.19.jar;D:\devTool\mvnRepository\org\thymeleaf\thymeleaf-spring5\3.0.9.RELEASE\thymeleaf-spring5-3.0.9.RELEASE.jar;D:\devTool\mvnRepository\org\thymeleaf\thymeleaf\3.0.9.RELEASE\thymeleaf-3.0.9.RELEASE.jar;D:\devTool\mvnRepository\org\attoparser\attoparser\2.0.4.RELEASE\attoparser-2.0.4.RELEASE.jar;D:\devTool\mvnRepository\org\unbescape\unbescape\1.1.5.RELEASE\unbescape-1.1.5.RELEASE.jar;D:\devTool\mvnRepository\org\thymeleaf\extras\thymeleaf-extras-java8time\3.0.1.RELEASE\thymeleaf-extras-java8time-3.0.1.RELEASE.jar;D:\devTool\mvnRepository\org\springframework\boot\spring-boot-starter-web\2.0.3.RELEASE\spring-boot-starter-web-2.0.3.RELEASE.jar;D:\devTool\mvnRepository\org\springframework\boot\spring-boot-starter-json\2.0.3.RELEASE\spring-boot-starter-json-2.0.3.RELEASE.jar;D:\devTool\mvnRepository\com\fasterxml\jackson\core\jackson-databind\2.9.6\jackson-databind-2.9.6.jar;D:\devTool\mvnRepository\com\fasterxml\jackson\core\jackson-annotations\2.9.0\jackson-annotations-2.9.0.jar;D:\devTool\mvnRepository\com\fasterxml\jackson\core\jackson-core\2.9.6\jackson-core-2.9.6.jar;D:\devTool\mvnRepository\com\fasterxml\jackson\datatype\jackson-datatype-jdk8\2.9.6\jackson-datatype-jdk8-2.9.6.jar;D:\devTool\mvnRepository\com\fasterxml\jackson\datatype\jackson-datatype-jsr310\2.9.6\jackson-datatype-jsr310-2.9.6.jar;D:\devTool\mvnRepository\com\fasterxml\jackson\module\jackson-module-parameter-names\2.9.6\jackson-module-parameter-names-2.9.6.jar;D:\devTool\mvnRepository\org\springframework\boot\spring-boot-starter-tomcat\2.0.3.RELEASE\spring-boot-starter-tomcat-2.0.3.RELEASE.jar;D:\devTool\mvnRepository\org\apache\tomcat\embed\tomcat-embed-core\8.5.31\tomcat-embed-core-8.5.31.jar;D:\devTool\mvnRepository\org\apache\tomcat\embed\tomcat-embed-el\8.5.31\tomcat-embed-el-8.5.31.jar;D:\devTool\mvnRepository\org\apache\tomcat\embed\tomcat-embed-websocket\8.5.31\tomcat-embed-websocket-8.5.31.jar;D:\devTool\mvnRepository\org\hibernate\validator\hibernate-validator\6.0.10.Final\hibernate-validator-6.0.10.Final.jar;D:\devTool\mvnRepository\javax\validation\validation-api\2.0.1.Final\validation-api-2.0.1.Final.jar;D:\devTool\mvnRepository\org\jboss\logging\jboss-logging\3.3.2.Final\jboss-logging-3.3.2.Final.jar;D:\devTool\mvnRepository\com\fasterxml\classmate\1.3.4\classmate-1.3.4.jar;D:\devTool\mvnRepository\org\springframework\spring-web\5.0.7.RELEASE\spring-web-5.0.7.RELEASE.jar;D:\devTool\mvnRepository\org\springframework\spring-webmvc\5.0.7.RELEASE\spring-webmvc-5.0.7.RELEASE.jar;D:\devTool\mvnRepository\org\springframework\spring-expression\5.0.7.RELEASE\spring-expression-5.0.7.RELEASE.jar;D:\devTool\mvnRepository\com\alibaba\druid-spring-boot-starter\1.1.10\druid-spring-boot-starter-1.1.10.jar;D:\devTool\mvnRepository\com\alibaba\druid\1.1.10\druid-1.1.10.jar;D:\devTool\mvnRepository\org\slf4j\slf4j-api\1.7.25\slf4j-api-1.7.25.jar;D:\devTool\mvnRepository\org\springframework\boot\spring-boot-autoconfigure\2.0.3.RELEASE\spring-boot-autoconfigure-2.0.3.RELEASE.jar;D:\devTool\mvnRepository\org\springframework\boot\spring-boot-starter-data-redis\2.0.3.RELEASE\spring-boot-starter-data-redis-2.0.3.RELEASE.jar;D:\devTool\mvnRepository\org\springframework\data\spring-data-redis\2.0.8.RELEASE\spring-data-redis-2.0.8.RELEASE.jar;D:\devTool\mvnRepository\org\springframework\data\spring-data-keyvalue\2.0.8.RELEASE\spring-data-keyvalue-2.0.8.RELEASE.jar;D:\devTool\mvnRepository\org\springframework\data\spring-data-commons\2.0.8.RELEASE\spring-data-commons-2.0.8.RELEASE.jar;D:\devTool\mvnRepository\org\springframework\spring-tx\5.0.7.RELEASE\spring-tx-5.0.7.RELEASE.jar;D:\devTool\mvnRepository\org\springframework\spring-oxm\5.0.7.RELEASE\spring-oxm-5.0.7.RELEASE.jar;D:\devTool\mvnRepository\io\lettuce\lettuce-core\5.0.4.RELEASE\lettuce-core-5.0.4.RELEASE.jar;D:\devTool\mvnRepository\io\projectreactor\reactor-core\3.1.8.RELEASE\reactor-core-3.1.8.RELEASE.jar;D:\devTool\mvnRepository\org\reactivestreams\reactive-streams\1.0.2\reactive-streams-1.0.2.jar;D:\devTool\mvnRepository\io\netty\netty-common\4.1.25.Final\netty-common-4.1.25.Final.jar;D:\devTool\mvnRepository\io\netty\netty-transport\4.1.25.Final\netty-transport-4.1.25.Final.jar;D:\devTool\mvnRepository\io\netty\netty-buffer\4.1.25.Final\netty-buffer-4.1.25.Final.jar;D:\devTool\mvnRepository\io\netty\netty-resolver\4.1.25.Final\netty-resolver-4.1.25.Final.jar;D:\devTool\mvnRepository\io\netty\netty-handler\4.1.25.Final\netty-handler-4.1.25.Final.jar;D:\devTool\mvnRepository\io\netty\netty-codec\4.1.25.Final\netty-codec-4.1.25.Final.jar;D:\devTool\mvnRepository\org\apache\commons\commons-pool2\2.5.0\commons-pool2-2.5.0.jar;D:\devTool\mvnRepository\redis\clients\jedis\2.9.0\jedis-2.9.0.jar;D:\devTool\mvnRepository\org\springframework\boot\spring-boot-starter-jdbc\2.0.3.RELEASE\spring-boot-starter-jdbc-2.0.3.RELEASE.jar;D:\devTool\mvnRepository\com\zaxxer\HikariCP\2.7.9\HikariCP-2.7.9.jar;D:\devTool\mvnRepository\org\springframework\spring-jdbc\5.0.7.RELEASE\spring-jdbc-5.0.7.RELEASE.jar;D:\devTool\mvnRepository\org\springframework\boot\spring-boot-starter-aop\2.0.3.RELEASE\spring-boot-starter-aop-2.0.3.RELEASE.jar;D:\devTool\mvnRepository\org\springframework\spring-aop\5.0.7.RELEASE\spring-aop-5.0.7.RELEASE.jar;D:\devTool\mvnRepository\org\aspectj\aspectjweaver\1.8.13\aspectjweaver-1.8.13.jar;D:\devTool\mvnRepository\org\springframework\spring-context-support\5.0.7.RELEASE\spring-context-support-5.0.7.RELEASE.jar;D:\devTool\mvnRepository\org\springframework\spring-beans\5.0.7.RELEASE\spring-beans-5.0.7.RELEASE.jar;D:\devTool\mvnRepository\org\springframework\spring-context\5.0.7.RELEASE\spring-context-5.0.7.RELEASE.jar;D:\devTool\mvnRepository\org\springframework\boot\spring-boot-starter-test\2.0.3.RELEASE\spring-boot-starter-test-2.0.3.RELEASE.jar;D:\devTool\mvnRepository\org\springframework\boot\spring-boot-test\2.0.3.RELEASE\spring-boot-test-2.0.3.RELEASE.jar;D:\devTool\mvnRepository\org\springframework\boot\spring-boot-test-autoconfigure\2.0.3.RELEASE\spring-boot-test-autoconfigure-2.0.3.RELEASE.jar;D:\devTool\mvnRepository\com\jayway\jsonpath\json-path\2.4.0\json-path-2.4.0.jar;D:\devTool\mvnRepository\net\minidev\json-smart\2.3\json-smart-2.3.jar;D:\devTool\mvnRepository\net\minidev\accessors-smart\1.2\accessors-smart-1.2.jar;D:\devTool\mvnRepository\org\ow2\asm\asm\5.0.4\asm-5.0.4.jar;D:\devTool\mvnRepository\junit\junit\4.12\junit-4.12.jar;D:\devTool\mvnRepository\org\assertj\assertj-core\3.9.1\assertj-core-3.9.1.jar;D:\devTool\mvnRepository\org\mockito\mockito-core\2.15.0\mockito-core-2.15.0.jar;D:\devTool\mvnRepository\net\bytebuddy\byte-buddy\1.7.11\byte-buddy-1.7.11.jar;D:\devTool\mvnRepository\net\bytebuddy\byte-buddy-agent\1.7.11\byte-buddy-agent-1.7.11.jar;D:\devTool\mvnRepository\org\objenesis\objenesis\2.6\objenesis-2.6.jar;D:\devTool\mvnRepository\org\hamcrest\hamcrest-core\1.3\hamcrest-core-1.3.jar;D:\devTool\mvnRepository\org\hamcrest\hamcrest-library\1.3\hamcrest-library-1.3.jar;D:\devTool\mvnRepository\org\skyscreamer\jsonassert\1.5.0\jsonassert-1.5.0.jar;D:\devTool\mvnRepository\com\vaadin\external\google\android-json\0.0.20131108.vaadin1\android-json-0.0.20131108.vaadin1.jar;D:\devTool\mvnRepository\org\springframework\spring-test\5.0.7.RELEASE\spring-test-5.0.7.RELEASE.jar;D:\devTool\mvnRepository\org\xmlunit\xmlunit-core\2.5.1\xmlunit-core-2.5.1.jar;D:\devTool\mvnRepository\mysql\mysql-connector-java\5.1.46\mysql-connector-java-5.1.46.jar;D:\devTool\mvnRepository\org\projectlombok\lombok\1.16.22\lombok-1.16.22.jar;D:\devTool\mvnRepository\org\springframework\boot\spring-boot-starter-cache\2.0.3.RELEASE\spring-boot-starter-cache-2.0.3.RELEASE.jar;D:\devTool\mvnRepository\org\apache\commons\commons-lang3\3.4\commons-lang3-3.4.jar;D:\devTool\mvnRepository\commons-codec\commons-codec\1.11\commons-codec-1.11.jar;D:\devTool\mvnRepository\com\alibaba\fastjson\1.2.41\fastjson-1.2.41.jar;D:\devTool\mvnRepository\com\google\guava\guava\27.1-jre\guava-27.1-jre.jar;D:\devTool\mvnRepository\com\google\guava\failureaccess\1.0.1\failureaccess-1.0.1.jar;D:\devTool\mvnRepository\com\google\guava\listenablefuture\9999.0-empty-to-avoid-conflict-with-guava\listenablefuture-9999.0-empty-to-avoid-conflict-with-guava.jar;D:\devTool\mvnRepository\com\google\code\findbugs\jsr305\3.0.2\jsr305-3.0.2.jar;D:\devTool\mvnRepository\org\checkerframework\checker-qual\2.5.2\checker-qual-2.5.2.jar;D:\devTool\mvnRepository\com\google\errorprone\error_prone_annotations\2.2.0\error_prone_annotations-2.2.0.jar;D:\devTool\mvnRepository\com\google\j2objc\j2objc-annotations\1.1\j2objc-annotations-1.1.jar;D:\devTool\mvnRepository\org\codehaus\mojo\animal-sniffer-annotations\1.17\animal-sniffer-annotations-1.17.jar;D:\devTool\mvnRepository\org\springframework\spring-core\5.0.7.RELEASE\spring-core-5.0.7.RELEASE.jar;D:\devTool\mvnRepository\org\springframework\spring-jcl\5.0.7.RELEASE\spring-jcl-5.0.7.RELEASE.jar;D:\devTool\mvnRepository\com\baomidou\mybatis-plus-boot-starter\3.0-RC1\mybatis-plus-boot-starter-3.0-RC1.jar;D:\devTool\mvnRepository\com\baomidou\mybatis-plus\3.0-RC1\mybatis-plus-3.0-RC1.jar;D:\devTool\mvnRepository\com\baomidou\mybatis-plus-extension\3.0-RC1\mybatis-plus-extension-3.0-RC1.jar;D:\devTool\mvnRepository\com\baomidou\mybatis-plus-core\3.0-RC1\mybatis-plus-core-3.0-RC1.jar;D:\devTool\mvnRepository\com\baomidou\mybatis-plus-annotation\3.0-RC1\mybatis-plus-annotation-3.0-RC1.jar;D:\devTool\mvnRepository\com\github\jsqlparser\jsqlparser\1.2\jsqlparser-1.2.jar;D:\devTool\mvnRepository\org\mybatis\mybatis-spring\1.3.2\mybatis-spring-1.3.2.jar;D:\devTool\mvnRepository\org\mybatis\mybatis\3.4.6\mybatis-3.4.6.jar;D:\devTool\mvnRepository\com\baomidou\mybatis-plus-generator\3.0-RC1\mybatis-plus-generator-3.0-RC1.jar;D:\devTool\mvnRepository\org\apache\velocity\velocity-engine-core\2.0\velocity-engine-core-2.0.jar;D:\devTool\mvnRepository\org\freemarker\freemarker\2.3.28\freemarker-2.3.28.jar;D:\devTool\mvnRepository\org\springframework\boot\spring-boot-configuration-processor\2.0.3.RELEASE\spring-boot-configuration-processor-2.0.3.RELEASE.jar;D:\devTool\mvnRepository\org\apache\shiro\shiro-web\1.4.0\shiro-web-1.4.0.jar;D:\devTool\mvnRepository\org\apache\shiro\shiro-cas\1.4.0\shiro-cas-1.4.0.jar;D:\devTool\mvnRepository\org\jasig\cas\client\cas-client-core\3.2.2\cas-client-core-3.2.2.jar;D:\devTool\mvnRepository\commons-logging\commons-logging\1.1\commons-logging-1.1.jar;D:\devTool\mvnRepository\javax\servlet\servlet-api\2.3\servlet-api-2.3.jar;D:\devTool\mvnRepository\org\apache\shiro\shiro-core\1.4.0\shiro-core-1.4.0.jar;D:\devTool\mvnRepository\org\apache\shiro\shiro-lang\1.4.0\shiro-lang-1.4.0.jar;D:\devTool\mvnRepository\org\apache\shiro\shiro-cache\1.4.0\shiro-cache-1.4.0.jar;D:\devTool\mvnRepository\org\apache\shiro\shiro-crypto-hash\1.4.0\shiro-crypto-hash-1.4.0.jar;D:\devTool\mvnRepository\org\apache\shiro\shiro-crypto-core\1.4.0\shiro-crypto-core-1.4.0.jar;D:\devTool\mvnRepository\org\apache\shiro\shiro-crypto-cipher\1.4.0\shiro-crypto-cipher-1.4.0.jar;D:\devTool\mvnRepository\org\apache\shiro\shiro-config-core\1.4.0\shiro-config-core-1.4.0.jar;D:\devTool\mvnRepository\org\apache\shiro\shiro-config-ogdl\1.4.0\shiro-config-ogdl-1.4.0.jar;D:\devTool\mvnRepository\commons-beanutils\commons-beanutils\1.9.3\commons-beanutils-1.9.3.jar;D:\devTool\mvnRepository\commons-collections\commons-collections\3.2.2\commons-collections-3.2.2.jar;D:\devTool\mvnRepository\org\apache\shiro\shiro-event\1.4.0\shiro-event-1.4.0.jar;D:\devTool\mvnRepository\org\apache\shiro\shiro-spring\1.4.0\shiro-spring-1.4.0.jar;D:\devTool\mvnRepository\org\apache\shiro\shiro-ehcache\1.4.0\shiro-ehcache-1.4.0.jar;D:\devTool\mvnRepository\net\sf\ehcache\ehcache-core\2.6.11\ehcache-core-2.6.11.jar;D:\devTool\mvnRepository\com\github\theborakompanioni\thymeleaf-extras-shiro\2.0.0\thymeleaf-extras-shiro-2.0.0.jar;D:\devTool\mvnRepository\org\springframework\boot\spring-boot-devtools\2.0.3.RELEASE\spring-boot-devtools-2.0.3.RELEASE.jar;D:\devTool\mvnRepository\org\springframework\boot\spring-boot\2.0.3.RELEASE\spring-boot-2.0.3.RELEASE.jar;D:\devTool\mvnRepository\com\cuisongliu\kaptcha-spring-boot-autoconfigure\1.3\kaptcha-spring-boot-autoconfigure-1.3.jar;D:\devTool\mvnRepository\com\github\penggle\kaptcha\2.3.2\kaptcha-2.3.2.jar;D:\devTool\mvnRepository\com\jhlabs\filters\2.0.235-1\filters-2.0.235-1.jar;"/>
    <property name="java.vm.vendor" value="Oracle Corporation"/>
    <property name="sun.arch.data.model" value="64"/>
    <property name="user.variant" value=""/>
    <property name="java.vendor.url" value="http://java.oracle.com/"/>
    <property name="user.timezone" value=""/>
    <property name="java.vm.specification.version" value="1.8"/>
    <property name="os.name" value="Windows 10"/>
    <property name="user.country" value="CN"/>
    <property name="sun.java.launcher" value="SUN_STANDARD"/>
    <property name="sun.boot.library.path" value="D:\itVipStall\java\jdk\jre\bin"/>
    <property name="sun.java.command" value="C:\Users\lijin\AppData\Local\Temp\surefire5882764302348967546\surefirebooter2629655325514093966.jar C:\Users\lijin\AppData\Local\Temp\surefire5882764302348967546 2020-01-09T14-04-40_625-jvmRun1 surefire655692835002528314tmp surefire_03842192960403110191tmp"/>
    <property name="surefire.test.class.path" value="D:\gitCode\back-end\springboot\day1218\lzhpo-shiro\target\test-classes;D:\gitCode\back-end\springboot\day1218\lzhpo-shiro\target\classes;D:\devTool\mvnRepository\org\springframework\boot\spring-boot-starter-thymeleaf\2.0.3.RELEASE\spring-boot-starter-thymeleaf-2.0.3.RELEASE.jar;D:\devTool\mvnRepository\org\springframework\boot\spring-boot-starter\2.0.3.RELEASE\spring-boot-starter-2.0.3.RELEASE.jar;D:\devTool\mvnRepository\org\springframework\boot\spring-boot-starter-logging\2.0.3.RELEASE\spring-boot-starter-logging-2.0.3.RELEASE.jar;D:\devTool\mvnRepository\ch\qos\logback\logback-classic\1.2.3\logback-classic-1.2.3.jar;D:\devTool\mvnRepository\ch\qos\logback\logback-core\1.2.3\logback-core-1.2.3.jar;D:\devTool\mvnRepository\org\apache\logging\log4j\log4j-to-slf4j\2.10.0\log4j-to-slf4j-2.10.0.jar;D:\devTool\mvnRepository\org\apache\logging\log4j\log4j-api\2.10.0\log4j-api-2.10.0.jar;D:\devTool\mvnRepository\org\slf4j\jul-to-slf4j\1.7.25\jul-to-slf4j-1.7.25.jar;D:\devTool\mvnRepository\javax\annotation\javax.annotation-api\1.3.2\javax.annotation-api-1.3.2.jar;D:\devTool\mvnRepository\org\yaml\snakeyaml\1.19\snakeyaml-1.19.jar;D:\devTool\mvnRepository\org\thymeleaf\thymeleaf-spring5\3.0.9.RELEASE\thymeleaf-spring5-3.0.9.RELEASE.jar;D:\devTool\mvnRepository\org\thymeleaf\thymeleaf\3.0.9.RELEASE\thymeleaf-3.0.9.RELEASE.jar;D:\devTool\mvnRepository\org\attoparser\attoparser\2.0.4.RELEASE\attoparser-2.0.4.RELEASE.jar;D:\devTool\mvnRepository\org\unbescape\unbescape\1.1.5.RELEASE\unbescape-1.1.5.RELEASE.jar;D:\devTool\mvnRepository\org\thymeleaf\extras\thymeleaf-extras-java8time\3.0.1.RELEASE\thymeleaf-extras-java8time-3.0.1.RELEASE.jar;D:\devTool\mvnRepository\org\springframework\boot\spring-boot-starter-web\2.0.3.RELEASE\spring-boot-starter-web-2.0.3.RELEASE.jar;D:\devTool\mvnRepository\org\springframework\boot\spring-boot-starter-json\2.0.3.RELEASE\spring-boot-starter-json-2.0.3.RELEASE.jar;D:\devTool\mvnRepository\com\fasterxml\jackson\core\jackson-databind\2.9.6\jackson-databind-2.9.6.jar;D:\devTool\mvnRepository\com\fasterxml\jackson\core\jackson-annotations\2.9.0\jackson-annotations-2.9.0.jar;D:\devTool\mvnRepository\com\fasterxml\jackson\core\jackson-core\2.9.6\jackson-core-2.9.6.jar;D:\devTool\mvnRepository\com\fasterxml\jackson\datatype\jackson-datatype-jdk8\2.9.6\jackson-datatype-jdk8-2.9.6.jar;D:\devTool\mvnRepository\com\fasterxml\jackson\datatype\jackson-datatype-jsr310\2.9.6\jackson-datatype-jsr310-2.9.6.jar;D:\devTool\mvnRepository\com\fasterxml\jackson\module\jackson-module-parameter-names\2.9.6\jackson-module-parameter-names-2.9.6.jar;D:\devTool\mvnRepository\org\springframework\boot\spring-boot-starter-tomcat\2.0.3.RELEASE\spring-boot-starter-tomcat-2.0.3.RELEASE.jar;D:\devTool\mvnRepository\org\apache\tomcat\embed\tomcat-embed-core\8.5.31\tomcat-embed-core-8.5.31.jar;D:\devTool\mvnRepository\org\apache\tomcat\embed\tomcat-embed-el\8.5.31\tomcat-embed-el-8.5.31.jar;D:\devTool\mvnRepository\org\apache\tomcat\embed\tomcat-embed-websocket\8.5.31\tomcat-embed-websocket-8.5.31.jar;D:\devTool\mvnRepository\org\hibernate\validator\hibernate-validator\6.0.10.Final\hibernate-validator-6.0.10.Final.jar;D:\devTool\mvnRepository\javax\validation\validation-api\2.0.1.Final\validation-api-2.0.1.Final.jar;D:\devTool\mvnRepository\org\jboss\logging\jboss-logging\3.3.2.Final\jboss-logging-3.3.2.Final.jar;D:\devTool\mvnRepository\com\fasterxml\classmate\1.3.4\classmate-1.3.4.jar;D:\devTool\mvnRepository\org\springframework\spring-web\5.0.7.RELEASE\spring-web-5.0.7.RELEASE.jar;D:\devTool\mvnRepository\org\springframework\spring-webmvc\5.0.7.RELEASE\spring-webmvc-5.0.7.RELEASE.jar;D:\devTool\mvnRepository\org\springframework\spring-expression\5.0.7.RELEASE\spring-expression-5.0.7.RELEASE.jar;D:\devTool\mvnRepository\com\alibaba\druid-spring-boot-starter\1.1.10\druid-spring-boot-starter-1.1.10.jar;D:\devTool\mvnRepository\com\alibaba\druid\1.1.10\druid-1.1.10.jar;D:\devTool\mvnRepository\org\slf4j\slf4j-api\1.7.25\slf4j-api-1.7.25.jar;D:\devTool\mvnRepository\org\springframework\boot\spring-boot-autoconfigure\2.0.3.RELEASE\spring-boot-autoconfigure-2.0.3.RELEASE.jar;D:\devTool\mvnRepository\org\springframework\boot\spring-boot-starter-data-redis\2.0.3.RELEASE\spring-boot-starter-data-redis-2.0.3.RELEASE.jar;D:\devTool\mvnRepository\org\springframework\data\spring-data-redis\2.0.8.RELEASE\spring-data-redis-2.0.8.RELEASE.jar;D:\devTool\mvnRepository\org\springframework\data\spring-data-keyvalue\2.0.8.RELEASE\spring-data-keyvalue-2.0.8.RELEASE.jar;D:\devTool\mvnRepository\org\springframework\data\spring-data-commons\2.0.8.RELEASE\spring-data-commons-2.0.8.RELEASE.jar;D:\devTool\mvnRepository\org\springframework\spring-tx\5.0.7.RELEASE\spring-tx-5.0.7.RELEASE.jar;D:\devTool\mvnRepository\org\springframework\spring-oxm\5.0.7.RELEASE\spring-oxm-5.0.7.RELEASE.jar;D:\devTool\mvnRepository\io\lettuce\lettuce-core\5.0.4.RELEASE\lettuce-core-5.0.4.RELEASE.jar;D:\devTool\mvnRepository\io\projectreactor\reactor-core\3.1.8.RELEASE\reactor-core-3.1.8.RELEASE.jar;D:\devTool\mvnRepository\org\reactivestreams\reactive-streams\1.0.2\reactive-streams-1.0.2.jar;D:\devTool\mvnRepository\io\netty\netty-common\4.1.25.Final\netty-common-4.1.25.Final.jar;D:\devTool\mvnRepository\io\netty\netty-transport\4.1.25.Final\netty-transport-4.1.25.Final.jar;D:\devTool\mvnRepository\io\netty\netty-buffer\4.1.25.Final\netty-buffer-4.1.25.Final.jar;D:\devTool\mvnRepository\io\netty\netty-resolver\4.1.25.Final\netty-resolver-4.1.25.Final.jar;D:\devTool\mvnRepository\io\netty\netty-handler\4.1.25.Final\netty-handler-4.1.25.Final.jar;D:\devTool\mvnRepository\io\netty\netty-codec\4.1.25.Final\netty-codec-4.1.25.Final.jar;D:\devTool\mvnRepository\org\apache\commons\commons-pool2\2.5.0\commons-pool2-2.5.0.jar;D:\devTool\mvnRepository\redis\clients\jedis\2.9.0\jedis-2.9.0.jar;D:\devTool\mvnRepository\org\springframework\boot\spring-boot-starter-jdbc\2.0.3.RELEASE\spring-boot-starter-jdbc-2.0.3.RELEASE.jar;D:\devTool\mvnRepository\com\zaxxer\HikariCP\2.7.9\HikariCP-2.7.9.jar;D:\devTool\mvnRepository\org\springframework\spring-jdbc\5.0.7.RELEASE\spring-jdbc-5.0.7.RELEASE.jar;D:\devTool\mvnRepository\org\springframework\boot\spring-boot-starter-aop\2.0.3.RELEASE\spring-boot-starter-aop-2.0.3.RELEASE.jar;D:\devTool\mvnRepository\org\springframework\spring-aop\5.0.7.RELEASE\spring-aop-5.0.7.RELEASE.jar;D:\devTool\mvnRepository\org\aspectj\aspectjweaver\1.8.13\aspectjweaver-1.8.13.jar;D:\devTool\mvnRepository\org\springframework\spring-context-support\5.0.7.RELEASE\spring-context-support-5.0.7.RELEASE.jar;D:\devTool\mvnRepository\org\springframework\spring-beans\5.0.7.RELEASE\spring-beans-5.0.7.RELEASE.jar;D:\devTool\mvnRepository\org\springframework\spring-context\5.0.7.RELEASE\spring-context-5.0.7.RELEASE.jar;D:\devTool\mvnRepository\org\springframework\boot\spring-boot-starter-test\2.0.3.RELEASE\spring-boot-starter-test-2.0.3.RELEASE.jar;D:\devTool\mvnRepository\org\springframework\boot\spring-boot-test\2.0.3.RELEASE\spring-boot-test-2.0.3.RELEASE.jar;D:\devTool\mvnRepository\org\springframework\boot\spring-boot-test-autoconfigure\2.0.3.RELEASE\spring-boot-test-autoconfigure-2.0.3.RELEASE.jar;D:\devTool\mvnRepository\com\jayway\jsonpath\json-path\2.4.0\json-path-2.4.0.jar;D:\devTool\mvnRepository\net\minidev\json-smart\2.3\json-smart-2.3.jar;D:\devTool\mvnRepository\net\minidev\accessors-smart\1.2\accessors-smart-1.2.jar;D:\devTool\mvnRepository\org\ow2\asm\asm\5.0.4\asm-5.0.4.jar;D:\devTool\mvnRepository\junit\junit\4.12\junit-4.12.jar;D:\devTool\mvnRepository\org\assertj\assertj-core\3.9.1\assertj-core-3.9.1.jar;D:\devTool\mvnRepository\org\mockito\mockito-core\2.15.0\mockito-core-2.15.0.jar;D:\devTool\mvnRepository\net\bytebuddy\byte-buddy\1.7.11\byte-buddy-1.7.11.jar;D:\devTool\mvnRepository\net\bytebuddy\byte-buddy-agent\1.7.11\byte-buddy-agent-1.7.11.jar;D:\devTool\mvnRepository\org\objenesis\objenesis\2.6\objenesis-2.6.jar;D:\devTool\mvnRepository\org\hamcrest\hamcrest-core\1.3\hamcrest-core-1.3.jar;D:\devTool\mvnRepository\org\hamcrest\hamcrest-library\1.3\hamcrest-library-1.3.jar;D:\devTool\mvnRepository\org\skyscreamer\jsonassert\1.5.0\jsonassert-1.5.0.jar;D:\devTool\mvnRepository\com\vaadin\external\google\android-json\0.0.20131108.vaadin1\android-json-0.0.20131108.vaadin1.jar;D:\devTool\mvnRepository\org\springframework\spring-test\5.0.7.RELEASE\spring-test-5.0.7.RELEASE.jar;D:\devTool\mvnRepository\org\xmlunit\xmlunit-core\2.5.1\xmlunit-core-2.5.1.jar;D:\devTool\mvnRepository\mysql\mysql-connector-java\5.1.46\mysql-connector-java-5.1.46.jar;D:\devTool\mvnRepository\org\projectlombok\lombok\1.16.22\lombok-1.16.22.jar;D:\devTool\mvnRepository\org\springframework\boot\spring-boot-starter-cache\2.0.3.RELEASE\spring-boot-starter-cache-2.0.3.RELEASE.jar;D:\devTool\mvnRepository\org\apache\commons\commons-lang3\3.4\commons-lang3-3.4.jar;D:\devTool\mvnRepository\commons-codec\commons-codec\1.11\commons-codec-1.11.jar;D:\devTool\mvnRepository\com\alibaba\fastjson\1.2.41\fastjson-1.2.41.jar;D:\devTool\mvnRepository\com\google\guava\guava\27.1-jre\guava-27.1-jre.jar;D:\devTool\mvnRepository\com\google\guava\failureaccess\1.0.1\failureaccess-1.0.1.jar;D:\devTool\mvnRepository\com\google\guava\listenablefuture\9999.0-empty-to-avoid-conflict-with-guava\listenablefuture-9999.0-empty-to-avoid-conflict-with-guava.jar;D:\devTool\mvnRepository\com\google\code\findbugs\jsr305\3.0.2\jsr305-3.0.2.jar;D:\devTool\mvnRepository\org\checkerframework\checker-qual\2.5.2\checker-qual-2.5.2.jar;D:\devTool\mvnRepository\com\google\errorprone\error_prone_annotations\2.2.0\error_prone_annotations-2.2.0.jar;D:\devTool\mvnRepository\com\google\j2objc\j2objc-annotations\1.1\j2objc-annotations-1.1.jar;D:\devTool\mvnRepository\org\codehaus\mojo\animal-sniffer-annotations\1.17\animal-sniffer-annotations-1.17.jar;D:\devTool\mvnRepository\org\springframework\spring-core\5.0.7.RELEASE\spring-core-5.0.7.RELEASE.jar;D:\devTool\mvnRepository\org\springframework\spring-jcl\5.0.7.RELEASE\spring-jcl-5.0.7.RELEASE.jar;D:\devTool\mvnRepository\com\baomidou\mybatis-plus-boot-starter\3.0-RC1\mybatis-plus-boot-starter-3.0-RC1.jar;D:\devTool\mvnRepository\com\baomidou\mybatis-plus\3.0-RC1\mybatis-plus-3.0-RC1.jar;D:\devTool\mvnRepository\com\baomidou\mybatis-plus-extension\3.0-RC1\mybatis-plus-extension-3.0-RC1.jar;D:\devTool\mvnRepository\com\baomidou\mybatis-plus-core\3.0-RC1\mybatis-plus-core-3.0-RC1.jar;D:\devTool\mvnRepository\com\baomidou\mybatis-plus-annotation\3.0-RC1\mybatis-plus-annotation-3.0-RC1.jar;D:\devTool\mvnRepository\com\github\jsqlparser\jsqlparser\1.2\jsqlparser-1.2.jar;D:\devTool\mvnRepository\org\mybatis\mybatis-spring\1.3.2\mybatis-spring-1.3.2.jar;D:\devTool\mvnRepository\org\mybatis\mybatis\3.4.6\mybatis-3.4.6.jar;D:\devTool\mvnRepository\com\baomidou\mybatis-plus-generator\3.0-RC1\mybatis-plus-generator-3.0-RC1.jar;D:\devTool\mvnRepository\org\apache\velocity\velocity-engine-core\2.0\velocity-engine-core-2.0.jar;D:\devTool\mvnRepository\org\freemarker\freemarker\2.3.28\freemarker-2.3.28.jar;D:\devTool\mvnRepository\org\springframework\boot\spring-boot-configuration-processor\2.0.3.RELEASE\spring-boot-configuration-processor-2.0.3.RELEASE.jar;D:\devTool\mvnRepository\org\apache\shiro\shiro-web\1.4.0\shiro-web-1.4.0.jar;D:\devTool\mvnRepository\org\apache\shiro\shiro-cas\1.4.0\shiro-cas-1.4.0.jar;D:\devTool\mvnRepository\org\jasig\cas\client\cas-client-core\3.2.2\cas-client-core-3.2.2.jar;D:\devTool\mvnRepository\commons-logging\commons-logging\1.1\commons-logging-1.1.jar;D:\devTool\mvnRepository\javax\servlet\servlet-api\2.3\servlet-api-2.3.jar;D:\devTool\mvnRepository\org\apache\shiro\shiro-core\1.4.0\shiro-core-1.4.0.jar;D:\devTool\mvnRepository\org\apache\shiro\shiro-lang\1.4.0\shiro-lang-1.4.0.jar;D:\devTool\mvnRepository\org\apache\shiro\shiro-cache\1.4.0\shiro-cache-1.4.0.jar;D:\devTool\mvnRepository\org\apache\shiro\shiro-crypto-hash\1.4.0\shiro-crypto-hash-1.4.0.jar;D:\devTool\mvnRepository\org\apache\shiro\shiro-crypto-core\1.4.0\shiro-crypto-core-1.4.0.jar;D:\devTool\mvnRepository\org\apache\shiro\shiro-crypto-cipher\1.4.0\shiro-crypto-cipher-1.4.0.jar;D:\devTool\mvnRepository\org\apache\shiro\shiro-config-core\1.4.0\shiro-config-core-1.4.0.jar;D:\devTool\mvnRepository\org\apache\shiro\shiro-config-ogdl\1.4.0\shiro-config-ogdl-1.4.0.jar;D:\devTool\mvnRepository\commons-beanutils\commons-beanutils\1.9.3\commons-beanutils-1.9.3.jar;D:\devTool\mvnRepository\commons-collections\commons-collections\3.2.2\commons-collections-3.2.2.jar;D:\devTool\mvnRepository\org\apache\shiro\shiro-event\1.4.0\shiro-event-1.4.0.jar;D:\devTool\mvnRepository\org\apache\shiro\shiro-spring\1.4.0\shiro-spring-1.4.0.jar;D:\devTool\mvnRepository\org\apache\shiro\shiro-ehcache\1.4.0\shiro-ehcache-1.4.0.jar;D:\devTool\mvnRepository\net\sf\ehcache\ehcache-core\2.6.11\ehcache-core-2.6.11.jar;D:\devTool\mvnRepository\com\github\theborakompanioni\thymeleaf-extras-shiro\2.0.0\thymeleaf-extras-shiro-2.0.0.jar;D:\devTool\mvnRepository\org\springframework\boot\spring-boot-devtools\2.0.3.RELEASE\spring-boot-devtools-2.0.3.RELEASE.jar;D:\devTool\mvnRepository\org\springframework\boot\spring-boot\2.0.3.RELEASE\spring-boot-2.0.3.RELEASE.jar;D:\devTool\mvnRepository\com\cuisongliu\kaptcha-spring-boot-autoconfigure\1.3\kaptcha-spring-boot-autoconfigure-1.3.jar;D:\devTool\mvnRepository\com\github\penggle\kaptcha\2.3.2\kaptcha-2.3.2.jar;D:\devTool\mvnRepository\com\jhlabs\filters\2.0.235-1\filters-2.0.235-1.jar;"/>
    <property name="sun.cpu.endian" value="little"/>
    <property name="user.home" value="C:\Users\lijin"/>
    <property name="user.language" value="zh"/>
    <property name="java.specification.vendor" value="Oracle Corporation"/>
    <property name="java.home" value="D:\itVipStall\java\jdk\jre"/>
    <property name="basedir" value="D:\gitCode\back-end\springboot\day1218\lzhpo-shiro"/>
    <property name="file.separator" value="\"/>
    <property name="line.separator" value="&#10;"/>
    <property name="java.vm.specification.vendor" value="Oracle Corporation"/>
    <property name="java.specification.name" value="Java Platform API Specification"/>
    <property name="java.awt.graphicsenv" value="sun.awt.Win32GraphicsEnvironment"/>
    <property name="surefire.real.class.path" value="C:\Users\lijin\AppData\Local\Temp\surefire5882764302348967546\surefirebooter2629655325514093966.jar"/>
    <property name="sun.boot.class.path" value="D:\itVipStall\java\jdk\jre\lib\resources.jar;D:\itVipStall\java\jdk\jre\lib\rt.jar;D:\itVipStall\java\jdk\jre\lib\sunrsasign.jar;D:\itVipStall\java\jdk\jre\lib\jsse.jar;D:\itVipStall\java\jdk\jre\lib\jce.jar;D:\itVipStall\java\jdk\jre\lib\charsets.jar;D:\itVipStall\java\jdk\jre\lib\jfr.jar;D:\itVipStall\java\jdk\jre\classes"/>
    <property name="user.script" value=""/>
    <property name="sun.management.compiler" value="HotSpot 64-Bit Tiered Compilers"/>
    <property name="java.runtime.version" value="1.8.0_201-b09"/>
    <property name="user.name" value="lijin"/>
    <property name="path.separator" value=";"/>
    <property name="os.version" value="10.0"/>
    <property name="java.endorsed.dirs" value="D:\itVipStall\java\jdk\jre\lib\endorsed"/>
    <property name="java.runtime.name" value="Java(TM) SE Runtime Environment"/>
    <property name="file.encoding" value="GBK"/>
    <property name="java.vm.name" value="Java HotSpot(TM) 64-Bit Server VM"/>
    <property name="localRepository" value="D:\devTool\mvnRepository"/>
    <property name="java.vendor.url.bug" value="http://bugreport.sun.com/bugreport/"/>
    <property name="java.io.tmpdir" value="C:\Users\lijin\AppData\Local\Temp\"/>
    <property name="idea.version" value="2018.3.6"/>
    <property name="java.version" value="1.8.0_201"/>
    <property name="user.dir" value="D:\gitCode\back-end\springboot\day1218\lzhpo-shiro"/>
    <property name="os.arch" value="amd64"/>
    <property name="java.vm.specification.name" value="Java Virtual Machine Specification"/>
    <property name="java.awt.printerjob" value="sun.awt.windows.WPrinterJob"/>
    <property name="sun.os.patch.level" value=""/>
    <property name="java.library.path" value="D:\itVipStall\java\jdk\jre\bin;C:\WINDOWS\Sun\Java\bin;C:\WINDOWS\system32;C:\WINDOWS;C:\WINDOWS\system32;C:\WINDOWS;C:\WINDOWS\System32\Wbem;C:\WINDOWS\System32\WindowsPowerShell\v1.0\;C:\WINDOWS\System32\OpenSSH\;C:\Program Files\TortoiseSVN\bin;D:\itstall\Git\cmd;C:\Program Files\nodejs\;&quot;D:\itVipStall\java\jdk\bin;D:\itVipStall\java\jdk\jre\bin;&quot;;D:\devTool\apache-maven-3.6.0\bin;C:\Program Files (x86)\MySQL\MySQL Utilities 1.3.5\;C:\MinGW\bin;D:\itVipStall\Python\Python37\Scripts\;D:\itVipStall\Python\Python37\;C:\Users\lijin\AppData\Local\Microsoft\WindowsApps;C:\Users\lijin\AppData\Roaming\npm;D:\itstall\PyCharm Community Edition 2019.2.3\bin;;D:\itVipStall\CLion 2018.3.4\bin;;."/>
    <property name="java.vm.info" value="mixed mode"/>
    <property name="java.vendor" value="Oracle Corporation"/>
    <property name="java.vm.version" value="25.201-b09"/>
    <property name="java.ext.dirs" value="D:\itVipStall\java\jdk\jre\lib\ext;C:\WINDOWS\Sun\Java\lib\ext"/>
    <property name="sun.io.unicode.encoding" value="UnicodeLittle"/>
    <property name="java.class.version" value="52.0"/>
  </properties>
  <testcase name="generateData" classname="com.lzhpo.lzhposhiro.LzhpoShiroApplicationTests" time="0.077"/>
</testsuite>